<?xml version="1.0" encoding="UTF-8"?>
<testsuite name="SeleniumSimpleTest" tests="1" skipped="0" failures="1" errors="0" timestamp="2019-06-24T20:33:11" hostname="Arktur" time="47.059">
  <properties/>
  <testcase name="googleTest" classname="SeleniumSimpleTest" time="47.059">
    <failure message="org.openqa.selenium.WebDriverException: Failed to connect to binary FirefoxBinary(C:\Program Files\Mozilla Firefox\firefox.exe) on port 7055; process output follows: &#10;ue,&quot;userDisabled&quot;:false,&quot;appDisabled&quot;:false,&quot;installDate&quot;:1558055732217,&quot;updateDate&quot;:1558055732217,&quot;applyBackgroundUpdates&quot;:1,&quot;path&quot;:&quot;C:\\Program Files\\Mozilla Firefox\\browser\\features\\webcompat@mozilla.org.xpi&quot;,&quot;skinnable&quot;:false,&quot;sourceURI&quot;:null,&quot;releaseNotesURI&quot;:null,&quot;softDisabled&quot;:false,&quot;foreignInstall&quot;:false,&quot;strictCompatibility&quot;:true,&quot;locales&quot;:[],&quot;targetApplications&quot;:[{&quot;id&quot;:&quot;toolkit@mozilla.org&quot;,&quot;minVersion&quot;:&quot;59.0b5&quot;,&quot;maxVersion&quot;:null}],&quot;targetPlatforms&quot;:[],&quot;seen&quot;:true,&quot;dependencies&quot;:[],&quot;incognito&quot;:&quot;spanning&quot;,&quot;userPermissions&quot;:{&quot;permissions&quot;:[&quot;webRequest&quot;,&quot;webRequestBlocking&quot;],&quot;origins&quot;:[&quot;&lt;all_urls&gt;&quot;]},&quot;icons&quot;:{},&quot;iconURL&quot;:null,&quot;blocklistState&quot;:0,&quot;blocklistURL&quot;:null,&quot;startupData&quot;:null,&quot;hidden&quot;:true,&quot;installTelemetryInfo&quot;:null,&quot;rootURI&quot;:&quot;jar:file:///C:/Program%20Files/Mozilla%20Firefox/browser/features/webcompat@mozilla.org.xpi!/&quot;,&quot;location&quot;:&quot;app-system-defaults&quot;}&#13;&#10;1561408394630&#9;addons.xpi-utils&#9;DEBUG&#9;Updating add-on states&#13;&#10;1561408394630&#9;addons.xpi-utils&#9;DEBUG&#9;Error: Synchronously loading the add-ons database(resource://gre/modules/addons/XPIDatabase.jsm:1310:15) JS Stack trace: syncLoadDB@XPIDatabase.jsm:1310:15&#13;&#10;startup@XPIProvider.jsm:2242:23&#13;&#10;callProvider@AddonManager.jsm:204:31&#13;&#10;_startProvider@AddonManager.jsm:655:5&#13;&#10;startup@AddonManager.jsm:811:14&#13;&#10;startup@AddonManager.jsm:2804:26&#13;&#10;observe@addonManager.js:65:29&#13;&#10;1561408394634&#9;addons.xpi&#9;DEBUG&#9;Calling bootstrap method startup on formautofill@mozilla.org version 1.0&#13;&#10;1561408394636&#9;addons.xpi&#9;DEBUG&#9;Calling bootstrap method startup on fxmonitor@mozilla.org version 3.0&#13;&#10;1561408394637&#9;addons.xpi&#9;DEBUG&#9;Calling bootstrap method startup on screenshots@mozilla.org version 37.1.0&#13;&#10;1561408394638&#9;addons.xpi&#9;DEBUG&#9;Calling bootstrap method startup on webcompat@mozilla.org version 4.0.0&#13;&#10;1561408394640&#9;addons.manager&#9;DEBUG&#9;Registering shutdown blocker for XPIProvider&#13;&#10;1561408394641&#9;addons.manager&#9;DEBUG&#9;Provider finished startup: XPIProvider&#13;&#10;1561408394641&#9;addons.manager&#9;DEBUG&#9;Starting provider: LightweightThemeManager&#13;&#10;1561408394641&#9;addons.manager&#9;DEBUG&#9;Registering shutdown blocker for LightweightThemeManager&#13;&#10;1561408394641&#9;addons.manager&#9;DEBUG&#9;Provider finished startup: LightweightThemeManager&#13;&#10;1561408394642&#9;addons.manager&#9;DEBUG&#9;Starting provider: GMPProvider&#13;&#10;1561408394645&#9;addons.manager&#9;DEBUG&#9;Registering shutdown blocker for GMPProvider&#13;&#10;1561408394645&#9;addons.manager&#9;DEBUG&#9;Provider finished startup: GMPProvider&#13;&#10;1561408394645&#9;addons.manager&#9;DEBUG&#9;Starting provider: PluginProvider&#13;&#10;1561408394645&#9;addons.manager&#9;DEBUG&#9;Registering shutdown blocker for PluginProvider&#13;&#10;1561408394645&#9;addons.manager&#9;DEBUG&#9;Provider finished startup: PluginProvider&#13;&#10;1561408394649&#9;addons.manager&#9;DEBUG&#9;Completed startup sequence&#13;&#10;1561408396784&#9;addons.repository&#9;DEBUG&#9;No addons.json found.&#13;&#10;1561408400753&#9;addons.xpi&#9;DEBUG&#9;Ignoring file: name is not a valid add-on ID: C:\Users\Winner\AppData\Local\Temp\anonymous9045227111354326109webdriver-profile\extensions\webdriver-staging&#13;&#10;1561408400754&#9;addons.xpi&#9;DEBUG&#9;Existing add-on formautofill@mozilla.org in app-system-defaults&#13;&#10;1561408400754&#9;addons.xpi&#9;DEBUG&#9;Existing add-on fxmonitor@mozilla.org in app-system-defaults&#13;&#10;1561408400754&#9;addons.xpi&#9;DEBUG&#9;Existing add-on screenshots@mozilla.org in app-system-defaults&#13;&#10;1561408400754&#9;addons.xpi&#9;DEBUG&#9;Existing add-on webcompat-reporter@mozilla.org in app-system-defaults&#13;&#10;1561408400754&#9;addons.xpi&#9;DEBUG&#9;Existing add-on webcompat@mozilla.org in app-system-defaults&#13;&#10;1561408400755&#9;addons.xpi&#9;DEBUG&#9;Existing add-on fiddlerhook@fiddler2.com in winreg-app-global&#13;&#10;1561408400755&#9;addons.xpi&#9;DEBUG&#9;scanForChanges changed: false, state: {}&#13;&#10;JavaScript error: resource://gre/modules/addons/XPIProvider.jsm, line 2706: TypeError: addon is null&#13;&#10;1561408404026&#9;addons.manager&#9;DEBUG&#9;Registering upgrade listener for formautofill@mozilla.org&#13;&#10;[Child 3104, Chrome_ChildThread] WARNING: pipe error: 109: file z:/task_1560988628/build/src/ipc/chromium/src/chrome/common/ipc_channel_win.cc, line 341&#13;&#10;[Child 3104, Chrome_ChildThread] WARNING: pipe error: 109: file z:/task_1560988628/build/src/ipc/chromium/src/chrome/common/ipc_channel_win.cc, line 34&#10;Build info: version: '2.53.1', revision: 'a36b8b1cd5757287168e54b817830adce9b0158d', time: '2016-06-30 19:26:09'&#10;System info: host: 'Arktur', ip: '192.168.56.1', os.name: 'Windows 7', os.arch: 'x86', os.version: '6.1', java.version: '1.8.0'&#10;Driver info: driver.version: FirefoxDriver" type="org.openqa.selenium.WebDriverException">org.openqa.selenium.WebDriverException: Failed to connect to binary FirefoxBinary(C:\Program Files\Mozilla Firefox\firefox.exe) on port 7055; process output follows: 
ue,&quot;userDisabled&quot;:false,&quot;appDisabled&quot;:false,&quot;installDate&quot;:1558055732217,&quot;updateDate&quot;:1558055732217,&quot;applyBackgroundUpdates&quot;:1,&quot;path&quot;:&quot;C:\\Program Files\\Mozilla Firefox\\browser\\features\\webcompat@mozilla.org.xpi&quot;,&quot;skinnable&quot;:false,&quot;sourceURI&quot;:null,&quot;releaseNotesURI&quot;:null,&quot;softDisabled&quot;:false,&quot;foreignInstall&quot;:false,&quot;strictCompatibility&quot;:true,&quot;locales&quot;:[],&quot;targetApplications&quot;:[{&quot;id&quot;:&quot;toolkit@mozilla.org&quot;,&quot;minVersion&quot;:&quot;59.0b5&quot;,&quot;maxVersion&quot;:null}],&quot;targetPlatforms&quot;:[],&quot;seen&quot;:true,&quot;dependencies&quot;:[],&quot;incognito&quot;:&quot;spanning&quot;,&quot;userPermissions&quot;:{&quot;permissions&quot;:[&quot;webRequest&quot;,&quot;webRequestBlocking&quot;],&quot;origins&quot;:[&quot;&lt;all_urls&gt;&quot;]},&quot;icons&quot;:{},&quot;iconURL&quot;:null,&quot;blocklistState&quot;:0,&quot;blocklistURL&quot;:null,&quot;startupData&quot;:null,&quot;hidden&quot;:true,&quot;installTelemetryInfo&quot;:null,&quot;rootURI&quot;:&quot;jar:file:///C:/Program%20Files/Mozilla%20Firefox/browser/features/webcompat@mozilla.org.xpi!/&quot;,&quot;location&quot;:&quot;app-system-defaults&quot;}
1561408394630	addons.xpi-utils	DEBUG	Updating add-on states
1561408394630	addons.xpi-utils	DEBUG	Error: Synchronously loading the add-ons database(resource://gre/modules/addons/XPIDatabase.jsm:1310:15) JS Stack trace: syncLoadDB@XPIDatabase.jsm:1310:15
startup@XPIProvider.jsm:2242:23
callProvider@AddonManager.jsm:204:31
_startProvider@AddonManager.jsm:655:5
startup@AddonManager.jsm:811:14
startup@AddonManager.jsm:2804:26
observe@addonManager.js:65:29
1561408394634	addons.xpi	DEBUG	Calling bootstrap method startup on formautofill@mozilla.org version 1.0
1561408394636	addons.xpi	DEBUG	Calling bootstrap method startup on fxmonitor@mozilla.org version 3.0
1561408394637	addons.xpi	DEBUG	Calling bootstrap method startup on screenshots@mozilla.org version 37.1.0
1561408394638	addons.xpi	DEBUG	Calling bootstrap method startup on webcompat@mozilla.org version 4.0.0
1561408394640	addons.manager	DEBUG	Registering shutdown blocker for XPIProvider
1561408394641	addons.manager	DEBUG	Provider finished startup: XPIProvider
1561408394641	addons.manager	DEBUG	Starting provider: LightweightThemeManager
1561408394641	addons.manager	DEBUG	Registering shutdown blocker for LightweightThemeManager
1561408394641	addons.manager	DEBUG	Provider finished startup: LightweightThemeManager
1561408394642	addons.manager	DEBUG	Starting provider: GMPProvider
1561408394645	addons.manager	DEBUG	Registering shutdown blocker for GMPProvider
1561408394645	addons.manager	DEBUG	Provider finished startup: GMPProvider
1561408394645	addons.manager	DEBUG	Starting provider: PluginProvider
1561408394645	addons.manager	DEBUG	Registering shutdown blocker for PluginProvider
1561408394645	addons.manager	DEBUG	Provider finished startup: PluginProvider
1561408394649	addons.manager	DEBUG	Completed startup sequence
1561408396784	addons.repository	DEBUG	No addons.json found.
1561408400753	addons.xpi	DEBUG	Ignoring file: name is not a valid add-on ID: C:\Users\Winner\AppData\Local\Temp\anonymous9045227111354326109webdriver-profile\extensions\webdriver-staging
1561408400754	addons.xpi	DEBUG	Existing add-on formautofill@mozilla.org in app-system-defaults
1561408400754	addons.xpi	DEBUG	Existing add-on fxmonitor@mozilla.org in app-system-defaults
1561408400754	addons.xpi	DEBUG	Existing add-on screenshots@mozilla.org in app-system-defaults
1561408400754	addons.xpi	DEBUG	Existing add-on webcompat-reporter@mozilla.org in app-system-defaults
1561408400754	addons.xpi	DEBUG	Existing add-on webcompat@mozilla.org in app-system-defaults
1561408400755	addons.xpi	DEBUG	Existing add-on fiddlerhook@fiddler2.com in winreg-app-global
1561408400755	addons.xpi	DEBUG	scanForChanges changed: false, state: {}
JavaScript error: resource://gre/modules/addons/XPIProvider.jsm, line 2706: TypeError: addon is null
1561408404026	addons.manager	DEBUG	Registering upgrade listener for formautofill@mozilla.org
[Child 3104, Chrome_ChildThread] WARNING: pipe error: 109: file z:/task_1560988628/build/src/ipc/chromium/src/chrome/common/ipc_channel_win.cc, line 341
[Child 3104, Chrome_ChildThread] WARNING: pipe error: 109: file z:/task_1560988628/build/src/ipc/chromium/src/chrome/common/ipc_channel_win.cc, line 34
Build info: version: '2.53.1', revision: 'a36b8b1cd5757287168e54b817830adce9b0158d', time: '2016-06-30 19:26:09'
System info: host: 'Arktur', ip: '192.168.56.1', os.name: 'Windows 7', os.arch: 'x86', os.version: '6.1', java.version: '1.8.0'
Driver info: driver.version: FirefoxDriver
	at org.openqa.selenium.firefox.internal.NewProfileExtensionConnection.start(NewProfileExtensionConnection.java:125)
	at org.openqa.selenium.firefox.FirefoxDriver.startClient(FirefoxDriver.java:271)
	at org.openqa.selenium.remote.RemoteWebDriver.&lt;init&gt;(RemoteWebDriver.java:119)
	at org.openqa.selenium.firefox.FirefoxDriver.&lt;init&gt;(FirefoxDriver.java:216)
	at org.openqa.selenium.firefox.FirefoxDriver.&lt;init&gt;(FirefoxDriver.java:211)
	at org.openqa.selenium.firefox.FirefoxDriver.&lt;init&gt;(FirefoxDriver.java:207)
	at org.openqa.selenium.firefox.FirefoxDriver.&lt;init&gt;(FirefoxDriver.java:120)
	at SeleniumSimpleTest.googleTest(SeleniumSimpleTest.java:12)
	at sun.reflect.NativeMethodAccessorImpl.invoke0(Native Method)
	at sun.reflect.NativeMethodAccessorImpl.invoke(NativeMethodAccessorImpl.java:62)
	at sun.reflect.DelegatingMethodAccessorImpl.invoke(DelegatingMethodAccessorImpl.java:43)
	at java.lang.reflect.Method.invoke(Method.java:483)
	at org.testng.internal.MethodInvocationHelper.invokeMethod(MethodInvocationHelper.java:86)
	at org.testng.internal.Invoker.invokeMethod(Invoker.java:643)
	at org.testng.internal.Invoker.invokeTestMethod(Invoker.java:820)
	at org.testng.internal.Invoker.invokeTestMethods(Invoker.java:1128)
	at org.testng.internal.TestMethodWorker.invokeTestMethods(TestMethodWorker.java:129)
	at org.testng.internal.TestMethodWorker.run(TestMethodWorker.java:112)
	at org.testng.TestRunner.privateRun(TestRunner.java:782)
	at org.testng.TestRunner.run(TestRunner.java:632)
	at org.testng.SuiteRunner.runTest(SuiteRunner.java:366)
	at org.testng.SuiteRunner.runSequentially(SuiteRunner.java:361)
	at org.testng.SuiteRunner.privateRun(SuiteRunner.java:319)
	at org.testng.SuiteRunner.run(SuiteRunner.java:268)
	at org.testng.SuiteRunnerWorker.runSuite(SuiteRunnerWorker.java:52)
	at org.testng.SuiteRunnerWorker.run(SuiteRunnerWorker.java:86)
	at org.testng.TestNG.runSuitesSequentially(TestNG.java:1244)
	at org.testng.TestNG.runSuitesLocally(TestNG.java:1169)
	at org.testng.TestNG.run(TestNG.java:1064)
	at org.gradle.api.internal.tasks.testing.testng.TestNGTestClassProcessor.runTests(TestNGTestClassProcessor.java:141)
	at org.gradle.api.internal.tasks.testing.testng.TestNGTestClassProcessor.stop(TestNGTestClassProcessor.java:90)
	at org.gradle.api.internal.tasks.testing.SuiteTestClassProcessor.stop(SuiteTestClassProcessor.java:61)
	at sun.reflect.NativeMethodAccessorImpl.invoke0(Native Method)
	at sun.reflect.NativeMethodAccessorImpl.invoke(NativeMethodAccessorImpl.java:62)
	at sun.reflect.DelegatingMethodAccessorImpl.invoke(DelegatingMethodAccessorImpl.java:43)
	at java.lang.reflect.Method.invoke(Method.java:483)
	at org.gradle.internal.dispatch.ReflectionDispatch.dispatch(ReflectionDispatch.java:35)
	at org.gradle.internal.dispatch.ReflectionDispatch.dispatch(ReflectionDispatch.java:24)
	at org.gradle.internal.dispatch.ContextClassLoaderDispatch.dispatch(ContextClassLoaderDispatch.java:32)
	at org.gradle.internal.dispatch.ProxyDispatchAdapter$DispatchingInvocationHandler.invoke(ProxyDispatchAdapter.java:93)
	at com.sun.proxy.$Proxy2.stop(Unknown Source)
	at org.gradle.api.internal.tasks.testing.worker.TestWorker.stop(TestWorker.java:132)
	at sun.reflect.NativeMethodAccessorImpl.invoke0(Native Method)
	at sun.reflect.NativeMethodAccessorImpl.invoke(NativeMethodAccessorImpl.java:62)
	at sun.reflect.DelegatingMethodAccessorImpl.invoke(DelegatingMethodAccessorImpl.java:43)
	at java.lang.reflect.Method.invoke(Method.java:483)
	at org.gradle.internal.dispatch.ReflectionDispatch.dispatch(ReflectionDispatch.java:35)
	at org.gradle.internal.dispatch.ReflectionDispatch.dispatch(ReflectionDispatch.java:24)
	at org.gradle.internal.remote.internal.hub.MessageHubBackedObjectConnection$DispatchWrapper.dispatch(MessageHubBackedObjectConnection.java:175)
	at org.gradle.internal.remote.internal.hub.MessageHubBackedObjectConnection$DispatchWrapper.dispatch(MessageHubBackedObjectConnection.java:157)
	at org.gradle.internal.remote.internal.hub.MessageHub$Handler.run(MessageHub.java:404)
	at org.gradle.internal.concurrent.ExecutorPolicy$CatchAndRecordFailures.onExecute(ExecutorPolicy.java:63)
	at org.gradle.internal.concurrent.ManagedExecutorImpl$1.run(ManagedExecutorImpl.java:46)
	at java.util.concurrent.ThreadPoolExecutor.runWorker(ThreadPoolExecutor.java:1142)
	at java.util.concurrent.ThreadPoolExecutor$Worker.run(ThreadPoolExecutor.java:617)
	at org.gradle.internal.concurrent.ThreadFactoryImpl$ManagedThreadRunnable.run(ThreadFactoryImpl.java:55)
	at java.lang.Thread.run(Thread.java:744)
Caused by: org.openqa.selenium.firefox.NotConnectedException: Unable to connect to host 127.0.0.1 on port 7055 after 45000 ms. Firefox console output:
ue,&quot;userDisabled&quot;:false,&quot;appDisabled&quot;:false,&quot;installDate&quot;:1558055732217,&quot;updateDate&quot;:1558055732217,&quot;applyBackgroundUpdates&quot;:1,&quot;path&quot;:&quot;C:\\Program Files\\Mozilla Firefox\\browser\\features\\webcompat@mozilla.org.xpi&quot;,&quot;skinnable&quot;:false,&quot;sourceURI&quot;:null,&quot;releaseNotesURI&quot;:null,&quot;softDisabled&quot;:false,&quot;foreignInstall&quot;:false,&quot;strictCompatibility&quot;:true,&quot;locales&quot;:[],&quot;targetApplications&quot;:[{&quot;id&quot;:&quot;toolkit@mozilla.org&quot;,&quot;minVersion&quot;:&quot;59.0b5&quot;,&quot;maxVersion&quot;:null}],&quot;targetPlatforms&quot;:[],&quot;seen&quot;:true,&quot;dependencies&quot;:[],&quot;incognito&quot;:&quot;spanning&quot;,&quot;userPermissions&quot;:{&quot;permissions&quot;:[&quot;webRequest&quot;,&quot;webRequestBlocking&quot;],&quot;origins&quot;:[&quot;&lt;all_urls&gt;&quot;]},&quot;icons&quot;:{},&quot;iconURL&quot;:null,&quot;blocklistState&quot;:0,&quot;blocklistURL&quot;:null,&quot;startupData&quot;:null,&quot;hidden&quot;:true,&quot;installTelemetryInfo&quot;:null,&quot;rootURI&quot;:&quot;jar:file:///C:/Program%20Files/Mozilla%20Firefox/browser/features/webcompat@mozilla.org.xpi!/&quot;,&quot;location&quot;:&quot;app-system-defaults&quot;}
1561408394630	addons.xpi-utils	DEBUG	Updating add-on states
1561408394630	addons.xpi-utils	DEBUG	Error: Synchronously loading the add-ons database(resource://gre/modules/addons/XPIDatabase.jsm:1310:15) JS Stack trace: syncLoadDB@XPIDatabase.jsm:1310:15
startup@XPIProvider.jsm:2242:23
callProvider@AddonManager.jsm:204:31
_startProvider@AddonManager.jsm:655:5
startup@AddonManager.jsm:811:14
startup@AddonManager.jsm:2804:26
observe@addonManager.js:65:29
1561408394634	addons.xpi	DEBUG	Calling bootstrap method startup on formautofill@mozilla.org version 1.0
1561408394636	addons.xpi	DEBUG	Calling bootstrap method startup on fxmonitor@mozilla.org version 3.0
1561408394637	addons.xpi	DEBUG	Calling bootstrap method startup on screenshots@mozilla.org version 37.1.0
1561408394638	addons.xpi	DEBUG	Calling bootstrap method startup on webcompat@mozilla.org version 4.0.0
1561408394640	addons.manager	DEBUG	Registering shutdown blocker for XPIProvider
1561408394641	addons.manager	DEBUG	Provider finished startup: XPIProvider
1561408394641	addons.manager	DEBUG	Starting provider: LightweightThemeManager
1561408394641	addons.manager	DEBUG	Registering shutdown blocker for LightweightThemeManager
1561408394641	addons.manager	DEBUG	Provider finished startup: LightweightThemeManager
1561408394642	addons.manager	DEBUG	Starting provider: GMPProvider
1561408394645	addons.manager	DEBUG	Registering shutdown blocker for GMPProvider
1561408394645	addons.manager	DEBUG	Provider finished startup: GMPProvider
1561408394645	addons.manager	DEBUG	Starting provider: PluginProvider
1561408394645	addons.manager	DEBUG	Registering shutdown blocker for PluginProvider
1561408394645	addons.manager	DEBUG	Provider finished startup: PluginProvider
1561408394649	addons.manager	DEBUG	Completed startup sequence
1561408396784	addons.repository	DEBUG	No addons.json found.
1561408400753	addons.xpi	DEBUG	Ignoring file: name is not a valid add-on ID: C:\Users\Winner\AppData\Local\Temp\anonymous9045227111354326109webdriver-profile\extensions\webdriver-staging
1561408400754	addons.xpi	DEBUG	Existing add-on formautofill@mozilla.org in app-system-defaults
1561408400754	addons.xpi	DEBUG	Existing add-on fxmonitor@mozilla.org in app-system-defaults
1561408400754	addons.xpi	DEBUG	Existing add-on screenshots@mozilla.org in app-system-defaults
1561408400754	addons.xpi	DEBUG	Existing add-on webcompat-reporter@mozilla.org in app-system-defaults
1561408400754	addons.xpi	DEBUG	Existing add-on webcompat@mozilla.org in app-system-defaults
1561408400755	addons.xpi	DEBUG	Existing add-on fiddlerhook@fiddler2.com in winreg-app-global
1561408400755	addons.xpi	DEBUG	scanForChanges changed: false, state: {}
JavaScript error: resource://gre/modules/addons/XPIProvider.jsm, line 2706: TypeError: addon is null
1561408404026	addons.manager	DEBUG	Registering upgrade listener for formautofill@mozilla.org
[Child 3104, Chrome_ChildThread] WARNING: pipe error: 109: file z:/task_1560988628/build/src/ipc/chromium/src/chrome/common/ipc_channel_win.cc, line 341
[Child 3104, Chrome_ChildThread] WARNING: pipe error: 109: file z:/task_1560988628/build/src/ipc/chromium/src/chrome/common/ipc_channel_win.cc, line 34
	at org.openqa.selenium.firefox.internal.NewProfileExtensionConnection.start(NewProfileExtensionConnection.java:113)
	... 56 more
</failure>
  </testcase>
  <system-out><![CDATA[]]></system-out>
  <system-err><![CDATA[org.openqa.selenium.firefox.NotConnectedException: Unable to connect to host 127.0.0.1 on port 7055 after 45000 ms. Firefox console output:
ue,"userDisabled":false,"appDisabled":false,"installDate":1558055732217,"updateDate":1558055732217,"applyBackgroundUpdates":1,"path":"C:\\Program Files\\Mozilla Firefox\\browser\\features\\webcompat@mozilla.org.xpi","skinnable":false,"sourceURI":null,"releaseNotesURI":null,"softDisabled":false,"foreignInstall":false,"strictCompatibility":true,"locales":[],"targetApplications":[{"id":"toolkit@mozilla.org","minVersion":"59.0b5","maxVersion":null}],"targetPlatforms":[],"seen":true,"dependencies":[],"incognito":"spanning","userPermissions":{"permissions":["webRequest","webRequestBlocking"],"origins":["<all_urls>"]},"icons":{},"iconURL":null,"blocklistState":0,"blocklistURL":null,"startupData":null,"hidden":true,"installTelemetryInfo":null,"rootURI":"jar:file:///C:/Program%20Files/Mozilla%20Firefox/browser/features/webcompat@mozilla.org.xpi!/","location":"app-system-defaults"}
1561408394630	addons.xpi-utils	DEBUG	Updating add-on states
1561408394630	addons.xpi-utils	DEBUG	Error: Synchronously loading the add-ons database(resource://gre/modules/addons/XPIDatabase.jsm:1310:15) JS Stack trace: syncLoadDB@XPIDatabase.jsm:1310:15
startup@XPIProvider.jsm:2242:23
callProvider@AddonManager.jsm:204:31
_startProvider@AddonManager.jsm:655:5
startup@AddonManager.jsm:811:14
startup@AddonManager.jsm:2804:26
observe@addonManager.js:65:29
1561408394634	addons.xpi	DEBUG	Calling bootstrap method startup on formautofill@mozilla.org version 1.0
1561408394636	addons.xpi	DEBUG	Calling bootstrap method startup on fxmonitor@mozilla.org version 3.0
1561408394637	addons.xpi	DEBUG	Calling bootstrap method startup on screenshots@mozilla.org version 37.1.0
1561408394638	addons.xpi	DEBUG	Calling bootstrap method startup on webcompat@mozilla.org version 4.0.0
1561408394640	addons.manager	DEBUG	Registering shutdown blocker for XPIProvider
1561408394641	addons.manager	DEBUG	Provider finished startup: XPIProvider
1561408394641	addons.manager	DEBUG	Starting provider: LightweightThemeManager
1561408394641	addons.manager	DEBUG	Registering shutdown blocker for LightweightThemeManager
1561408394641	addons.manager	DEBUG	Provider finished startup: LightweightThemeManager
1561408394642	addons.manager	DEBUG	Starting provider: GMPProvider
1561408394645	addons.manager	DEBUG	Registering shutdown blocker for GMPProvider
1561408394645	addons.manager	DEBUG	Provider finished startup: GMPProvider
1561408394645	addons.manager	DEBUG	Starting provider: PluginProvider
1561408394645	addons.manager	DEBUG	Registering shutdown blocker for PluginProvider
1561408394645	addons.manager	DEBUG	Provider finished startup: PluginProvider
1561408394649	addons.manager	DEBUG	Completed startup sequence
1561408396784	addons.repository	DEBUG	No addons.json found.
1561408400753	addons.xpi	DEBUG	Ignoring file: name is not a valid add-on ID: C:\Users\Winner\AppData\Local\Temp\anonymous9045227111354326109webdriver-profile\extensions\webdriver-staging
1561408400754	addons.xpi	DEBUG	Existing add-on formautofill@mozilla.org in app-system-defaults
1561408400754	addons.xpi	DEBUG	Existing add-on fxmonitor@mozilla.org in app-system-defaults
1561408400754	addons.xpi	DEBUG	Existing add-on screenshots@mozilla.org in app-system-defaults
1561408400754	addons.xpi	DEBUG	Existing add-on webcompat-reporter@mozilla.org in app-system-defaults
1561408400754	addons.xpi	DEBUG	Existing add-on webcompat@mozilla.org in app-system-defaults
1561408400755	addons.xpi	DEBUG	Existing add-on fiddlerhook@fiddler2.com in winreg-app-global
1561408400755	addons.xpi	DEBUG	scanForChanges changed: false, state: {}
JavaScript error: resource://gre/modules/addons/XPIProvider.jsm, line 2706: TypeError: addon is null
1561408404026	addons.manager	DEBUG	Registering upgrade listener for formautofill@mozilla.org
[Child 3104, Chrome_ChildThread] WARNING: pipe error: 109: file z:/task_1560988628/build/src/ipc/chromium/src/chrome/common/ipc_channel_win.cc, line 341
[Child 3104, Chrome_ChildThread] WARNING: pipe error: 109: file z:/task_1560988628/build/src/ipc/chromium/src/chrome/common/ipc_channel_win.cc, line 34
	at org.openqa.selenium.firefox.internal.NewProfileExtensionConnection.start(NewProfileExtensionConnection.java:113)
	at org.openqa.selenium.firefox.FirefoxDriver.startClient(FirefoxDriver.java:271)
	at org.openqa.selenium.remote.RemoteWebDriver.<init>(RemoteWebDriver.java:119)
	at org.openqa.selenium.firefox.FirefoxDriver.<init>(FirefoxDriver.java:216)
	at org.openqa.selenium.firefox.FirefoxDriver.<init>(FirefoxDriver.java:211)
	at org.openqa.selenium.firefox.FirefoxDriver.<init>(FirefoxDriver.java:207)
	at org.openqa.selenium.firefox.FirefoxDriver.<init>(FirefoxDriver.java:120)
	at SeleniumSimpleTest.googleTest(SeleniumSimpleTest.java:12)
	at sun.reflect.NativeMethodAccessorImpl.invoke0(Native Method)
	at sun.reflect.NativeMethodAccessorImpl.invoke(NativeMethodAccessorImpl.java:62)
	at sun.reflect.DelegatingMethodAccessorImpl.invoke(DelegatingMethodAccessorImpl.java:43)
	at java.lang.reflect.Method.invoke(Method.java:483)
	at org.testng.internal.MethodInvocationHelper.invokeMethod(MethodInvocationHelper.java:86)
	at org.testng.internal.Invoker.invokeMethod(Invoker.java:643)
	at org.testng.internal.Invoker.invokeTestMethod(Invoker.java:820)
	at org.testng.internal.Invoker.invokeTestMethods(Invoker.java:1128)
	at org.testng.internal.TestMethodWorker.invokeTestMethods(TestMethodWorker.java:129)
	at org.testng.internal.TestMethodWorker.run(TestMethodWorker.java:112)
	at org.testng.TestRunner.privateRun(TestRunner.java:782)
	at org.testng.TestRunner.run(TestRunner.java:632)
	at org.testng.SuiteRunner.runTest(SuiteRunner.java:366)
	at org.testng.SuiteRunner.runSequentially(SuiteRunner.java:361)
	at org.testng.SuiteRunner.privateRun(SuiteRunner.java:319)
	at org.testng.SuiteRunner.run(SuiteRunner.java:268)
	at org.testng.SuiteRunnerWorker.runSuite(SuiteRunnerWorker.java:52)
	at org.testng.SuiteRunnerWorker.run(SuiteRunnerWorker.java:86)
	at org.testng.TestNG.runSuitesSequentially(TestNG.java:1244)
	at org.testng.TestNG.runSuitesLocally(TestNG.java:1169)
	at org.testng.TestNG.run(TestNG.java:1064)
	at org.gradle.api.internal.tasks.testing.testng.TestNGTestClassProcessor.runTests(TestNGTestClassProcessor.java:141)
	at org.gradle.api.internal.tasks.testing.testng.TestNGTestClassProcessor.stop(TestNGTestClassProcessor.java:90)
	at org.gradle.api.internal.tasks.testing.SuiteTestClassProcessor.stop(SuiteTestClassProcessor.java:61)
	at sun.reflect.NativeMethodAccessorImpl.invoke0(Native Method)
	at sun.reflect.NativeMethodAccessorImpl.invoke(NativeMethodAccessorImpl.java:62)
	at sun.reflect.DelegatingMethodAccessorImpl.invoke(DelegatingMethodAccessorImpl.java:43)
	at java.lang.reflect.Method.invoke(Method.java:483)
	at org.gradle.internal.dispatch.ReflectionDispatch.dispatch(ReflectionDispatch.java:35)
	at org.gradle.internal.dispatch.ReflectionDispatch.dispatch(ReflectionDispatch.java:24)
	at org.gradle.internal.dispatch.ContextClassLoaderDispatch.dispatch(ContextClassLoaderDispatch.java:32)
	at org.gradle.internal.dispatch.ProxyDispatchAdapter$DispatchingInvocationHandler.invoke(ProxyDispatchAdapter.java:93)
	at com.sun.proxy.$Proxy2.stop(Unknown Source)
	at org.gradle.api.internal.tasks.testing.worker.TestWorker.stop(TestWorker.java:132)
	at sun.reflect.NativeMethodAccessorImpl.invoke0(Native Method)
	at sun.reflect.NativeMethodAccessorImpl.invoke(NativeMethodAccessorImpl.java:62)
	at sun.reflect.DelegatingMethodAccessorImpl.invoke(DelegatingMethodAccessorImpl.java:43)
	at java.lang.reflect.Method.invoke(Method.java:483)
	at org.gradle.internal.dispatch.ReflectionDispatch.dispatch(ReflectionDispatch.java:35)
	at org.gradle.internal.dispatch.ReflectionDispatch.dispatch(ReflectionDispatch.java:24)
	at org.gradle.internal.remote.internal.hub.MessageHubBackedObjectConnection$DispatchWrapper.dispatch(MessageHubBackedObjectConnection.java:175)
	at org.gradle.internal.remote.internal.hub.MessageHubBackedObjectConnection$DispatchWrapper.dispatch(MessageHubBackedObjectConnection.java:157)
	at org.gradle.internal.remote.internal.hub.MessageHub$Handler.run(MessageHub.java:404)
	at org.gradle.internal.concurrent.ExecutorPolicy$CatchAndRecordFailures.onExecute(ExecutorPolicy.java:63)
	at org.gradle.internal.concurrent.ManagedExecutorImpl$1.run(ManagedExecutorImpl.java:46)
	at java.util.concurrent.ThreadPoolExecutor.runWorker(ThreadPoolExecutor.java:1142)
	at java.util.concurrent.ThreadPoolExecutor$Worker.run(ThreadPoolExecutor.java:617)
	at org.gradle.internal.concurrent.ThreadFactoryImpl$ManagedThreadRunnable.run(ThreadFactoryImpl.java:55)
	at java.lang.Thread.run(Thread.java:744)
]]></system-err>
</testsuite>
